# JRE version: OpenJDK Runtime Environment Microsoft-8035246 (17.0.8+7) (build 17.0.8+7-LTS)
# Java VM: OpenJDK 64-Bit Server VM Microsoft-8035246 (17.0.8+7-LTS, mixed mode, sharing, tiered, compressed oops, compressed class ptrs, g1 gc, windows-amd64)
GC Precious Log:
 CPUs: 8 total, 8 available
 Memory: 16221M
 Large Page Support: Disabled
 NUMA Support: Disabled
 Compressed Oops: Enabled (32-bit)
 Heap Region Size: 1M
 Heap Min Capacity: 8M
 Heap Initial Capacity: 254M
 Heap Max Capacity: 2G
 Pre-touch: Disabled
 Parallel Workers: 8
 Concurrent Workers: 2
 Concurrent Refinement Workers: 8
 Periodic GC: Disabled
Heap:
 garbage-first heap   total 286720K, used 220394K [0x0000000080000000, 0x0000000100000000)
  region size 1024K, 64 young (65536K), 8 survivors (8192K)
 Metaspace       used 99250K, committed 100224K, reserved 557056K
  class space    used 13591K, committed 14080K, reserved 425984K
GC Heap History (20 events):
Event: 30.110 GC heap before
{Heap before GC invocations=36 (full 0):
 garbage-first heap   total 140288K, used 98650K [0x0000000080000000, 0x0000000100000000)
  region size 1024K, 24 young (24576K), 1 survivors (1024K)
 Metaspace       used 71877K, committed 72512K, reserved 491520K
  class space    used 9819K, committed 10112K, reserved 425984K
}
Event: 30.113 GC heap after
{Heap after GC invocations=37 (full 0):
 garbage-first heap   total 140288K, used 78586K [0x0000000080000000, 0x0000000100000000)
  region size 1024K, 2 young (2048K), 2 survivors (2048K)
 Metaspace       used 71877K, committed 72512K, reserved 491520K
  class space    used 9819K, committed 10112K, reserved 425984K
}
Event: 30.677 GC heap before
{Heap before GC invocations=38 (full 0):
 garbage-first heap   total 140288K, used 105210K [0x0000000080000000, 0x0000000100000000)
  region size 1024K, 30 young (30720K), 2 survivors (2048K)
 Metaspace       used 73023K, committed 73664K, reserved 491520K
  class space    used 10009K, committed 10304K, reserved 425984K
}
Event: 30.683 GC heap after
{Heap after GC invocations=39 (full 0):
 garbage-first heap   total 140288K, used 77225K [0x0000000080000000, 0x0000000100000000)
  region size 1024K, 4 young (4096K), 4 survivors (4096K)
 Metaspace       used 73023K, committed 73664K, reserved 491520K
  class space    used 10009K, committed 10304K, reserved 425984K
}
Event: 30.714 GC heap before
{Heap before GC invocations=39 (full 0):
 garbage-first heap   total 140288K, used 79273K [0x0000000080000000, 0x0000000100000000)
  region size 1024K, 6 young (6144K), 4 survivors (4096K)
 Metaspace       used 73048K, committed 73728K, reserved 491520K
  class space    used 10012K, committed 10304K, reserved 425984K
}
Event: 30.719 GC heap after
{Heap after GC invocations=40 (full 0):
 garbage-first heap   total 140288K, used 77264K [0x0000000080000000, 0x0000000100000000)
  region size 1024K, 1 young (1024K), 1 survivors (1024K)
 Metaspace       used 73048K, committed 73728K, reserved 491520K
  class space    used 10012K, committed 10304K, reserved 425984K
}
Event: 37.042 GC heap before
{Heap before GC invocations=40 (full 0):
 garbage-first heap   total 140288K, used 107984K [0x0000000080000000, 0x0000000100000000)
  region size 1024K, 31 young (31744K), 1 survivors (1024K)
 Metaspace       used 74362K, committed 75072K, reserved 491520K
  class space    used 10185K, committed 10496K, reserved 425984K
}
Event: 37.048 GC heap after
{Heap after GC invocations=41 (full 0):
 garbage-first heap   total 313344K, used 80155K [0x0000000080000000, 0x0000000100000000)
  region size 1024K, 4 young (4096K), 4 survivors (4096K)
 Metaspace       used 74362K, committed 75072K, reserved 491520K
  class space    used 10185K, committed 10496K, reserved 425984K
}
Event: 39.843 GC heap before
{Heap before GC invocations=42 (full 0):
 garbage-first heap   total 286720K, used 226587K [0x0000000080000000, 0x0000000100000000)
  region size 1024K, 139 young (142336K), 4 survivors (4096K)
 Metaspace       used 83324K, committed 84160K, reserved 557056K
  class space    used 11620K, committed 12032K, reserved 425984K
}
Event: 39.860 GC heap after
{Heap after GC invocations=43 (full 0):
 garbage-first heap   total 286720K, used 104671K [0x0000000080000000, 0x0000000100000000)
  region size 1024K, 18 young (18432K), 18 survivors (18432K)
 Metaspace       used 83324K, committed 84160K, reserved 557056K
  class space    used 11620K, committed 12032K, reserved 425984K
}
Event: 39.920 GC heap before
{Heap before GC invocations=43 (full 0):
 garbage-first heap   total 286720K, used 105695K [0x0000000080000000, 0x0000000100000000)
  region size 1024K, 19 young (19456K), 18 survivors (18432K)
 Metaspace       used 83354K, committed 84224K, reserved 557056K
  class space    used 11627K, committed 12032K, reserved 425984K
}
Event: 39.936 GC heap after
{Heap after GC invocations=44 (full 0):
 garbage-first heap   total 286720K, used 105806K [0x0000000080000000, 0x0000000100000000)
  region size 1024K, 2 young (2048K), 2 survivors (2048K)
 Metaspace       used 83354K, committed 84224K, reserved 557056K
  class space    used 11627K, committed 12032K, reserved 425984K
}
Event: 43.149 GC heap before
{Heap before GC invocations=44 (full 0):
 garbage-first heap   total 286720K, used 215374K [0x0000000080000000, 0x0000000100000000)
  region size 1024K, 103 young (105472K), 2 survivors (2048K)
 Metaspace       used 89613K, committed 90560K, reserved 557056K
  class space    used 12368K, committed 12800K, reserved 425984K
}
Event: 43.160 GC heap after
{Heap after GC invocations=45 (full 0):
 garbage-first heap   total 286720K, used 125686K [0x0000000080000000, 0x0000000100000000)
  region size 1024K, 13 young (13312K), 13 survivors (13312K)
 Metaspace       used 89613K, committed 90560K, reserved 557056K
  class space    used 12368K, committed 12800K, reserved 425984K
}
Event: 47.161 GC heap before
{Heap before GC invocations=45 (full 0):
 garbage-first heap   total 286720K, used 216822K [0x0000000080000000, 0x0000000100000000)
  region size 1024K, 101 young (103424K), 13 survivors (13312K)
 Metaspace       used 94961K, committed 95936K, reserved 557056K
  class space    used 13090K, committed 13568K, reserved 425984K
}
Event: 47.181 GC heap after
{Heap after GC invocations=46 (full 0):
 garbage-first heap   total 286720K, used 141634K [0x0000000080000000, 0x0000000100000000)
  region size 1024K, 13 young (13312K), 13 survivors (13312K)
 Metaspace       used 94961K, committed 95936K, reserved 557056K
  class space    used 13090K, committed 13568K, reserved 425984K
}
Event: 50.664 GC heap before
{Heap before GC invocations=46 (full 0):
 garbage-first heap   total 286720K, used 220482K [0x0000000080000000, 0x0000000100000000)
  region size 1024K, 90 young (92160K), 13 survivors (13312K)
 Metaspace       used 97921K, committed 98944K, reserved 557056K
  class space    used 13449K, committed 13952K, reserved 425984K
}
Event: 50.685 GC heap after
{Heap after GC invocations=47 (full 0):
 garbage-first heap   total 286720K, used 153358K [0x0000000080000000, 0x0000000100000000)
  region size 1024K, 12 young (12288K), 12 survivors (12288K)
 Metaspace       used 97921K, committed 98944K, reserved 557056K
  class space    used 13449K, committed 13952K, reserved 425984K
}
Event: 53.937 GC heap before
{Heap before GC invocations=47 (full 0):
 garbage-first heap   total 286720K, used 224014K [0x0000000080000000, 0x0000000100000000)
  region size 1024K, 82 young (83968K), 12 survivors (12288K)
 Metaspace       used 99158K, committed 100160K, reserved 557056K
  class space    used 13591K, committed 14080K, reserved 425984K
}
Event: 53.956 GC heap after
{Heap after GC invocations=48 (full 0):
 garbage-first heap   total 286720K, used 161002K [0x0000000080000000, 0x0000000100000000)
  region size 1024K, 8 young (8192K), 8 survivors (8192K)
 Metaspace       used 99158K, committed 100160K, reserved 557056K
  class space    used 13591K, committed 14080K, reserved 425984K
}

