# JRE version: OpenJDK Runtime Environment Microsoft-8035246 (17.0.8+7) (build 17.0.8+7-LTS)
# Java VM: OpenJDK 64-Bit Server VM Microsoft-8035246 (17.0.8+7-LTS, mixed mode, sharing, tiered, compressed oops, compressed class ptrs, g1 gc, windows-amd64)
GC Precious Log:
 CPUs: 8 total, 8 available
 Memory: 16221M
 Large Page Support: Disabled
 NUMA Support: Disabled
 Compressed Oops: Enabled (32-bit)
 Heap Region Size: 1M
 Heap Min Capacity: 8M
 Heap Initial Capacity: 254M
 Heap Max Capacity: 2G
 Pre-touch: Disabled
 Parallel Workers: 8
 Concurrent Workers: 2
 Concurrent Refinement Workers: 8
 Periodic GC: Disabled
Heap:
 garbage-first heap   total 268288K, used 184193K [0x0000000080000000, 0x0000000100000000)
  region size 1024K, 7 young (7168K), 3 survivors (3072K)
 Metaspace       used 99355K, committed 100288K, reserved 557056K
  class space    used 13581K, committed 14016K, reserved 425984K
GC Heap History (20 events):
Event: 35.709 GC heap before
{Heap before GC invocations=61 (full 0):
 garbage-first heap   total 185344K, used 163546K [0x0000000080000000, 0x0000000100000000)
  region size 1024K, 9 young (9216K), 2 survivors (2048K)
 Metaspace       used 97146K, committed 98112K, reserved 557056K
  class space    used 13320K, committed 13760K, reserved 425984K
}
Event: 35.712 GC heap after
{Heap after GC invocations=62 (full 0):
 garbage-first heap   total 185344K, used 157385K [0x0000000080000000, 0x0000000100000000)
  region size 1024K, 2 young (2048K), 2 survivors (2048K)
 Metaspace       used 97146K, committed 98112K, reserved 557056K
  class space    used 13320K, committed 13760K, reserved 425984K
}
Event: 35.909 GC heap before
{Heap before GC invocations=62 (full 0):
 garbage-first heap   total 185344K, used 164553K [0x0000000080000000, 0x0000000100000000)
  region size 1024K, 9 young (9216K), 2 survivors (2048K)
 Metaspace       used 97659K, committed 98624K, reserved 557056K
  class space    used 13395K, committed 13888K, reserved 425984K
}
Event: 35.913 GC heap after
{Heap after GC invocations=63 (full 0):
 garbage-first heap   total 223232K, used 157939K [0x0000000080000000, 0x0000000100000000)
  region size 1024K, 2 young (2048K), 2 survivors (2048K)
 Metaspace       used 97659K, committed 98624K, reserved 557056K
  class space    used 13395K, committed 13888K, reserved 425984K
}
Event: 38.718 GC heap before
{Heap before GC invocations=63 (full 0):
 garbage-first heap   total 223232K, used 188659K [0x0000000080000000, 0x0000000100000000)
  region size 1024K, 33 young (33792K), 2 survivors (2048K)
 Metaspace       used 98414K, committed 99392K, reserved 557056K
  class space    used 13493K, committed 13952K, reserved 425984K
}
Event: 38.725 GC heap after
{Heap after GC invocations=64 (full 0):
 garbage-first heap   total 223232K, used 162707K [0x0000000080000000, 0x0000000100000000)
  region size 1024K, 5 young (5120K), 5 survivors (5120K)
 Metaspace       used 98414K, committed 99392K, reserved 557056K
  class space    used 13493K, committed 13952K, reserved 425984K
}
Event: 39.131 GC heap before
{Heap before GC invocations=64 (full 0):
 garbage-first heap   total 223232K, used 189331K [0x0000000080000000, 0x0000000100000000)
  region size 1024K, 32 young (32768K), 5 survivors (5120K)
 Metaspace       used 98598K, committed 99520K, reserved 557056K
  class space    used 13493K, committed 13952K, reserved 425984K
}
Event: 39.138 GC heap after
{Heap after GC invocations=65 (full 0):
 garbage-first heap   total 223232K, used 165314K [0x0000000080000000, 0x0000000100000000)
  region size 1024K, 3 young (3072K), 3 survivors (3072K)
 Metaspace       used 98598K, committed 99520K, reserved 557056K
  class space    used 13493K, committed 13952K, reserved 425984K
}
Event: 39.502 GC heap before
{Heap before GC invocations=65 (full 0):
 garbage-first heap   total 223232K, used 189890K [0x0000000080000000, 0x0000000100000000)
  region size 1024K, 28 young (28672K), 3 survivors (3072K)
 Metaspace       used 99053K, committed 99968K, reserved 557056K
  class space    used 13565K, committed 14016K, reserved 425984K
}
Event: 39.508 GC heap after
{Heap after GC invocations=66 (full 0):
 garbage-first heap   total 223232K, used 169000K [0x0000000080000000, 0x0000000100000000)
  region size 1024K, 4 young (4096K), 4 survivors (4096K)
 Metaspace       used 99053K, committed 99968K, reserved 557056K
  class space    used 13565K, committed 14016K, reserved 425984K
}
Event: 39.648 GC heap before
{Heap before GC invocations=66 (full 0):
 garbage-first heap   total 223232K, used 191528K [0x0000000080000000, 0x0000000100000000)
  region size 1024K, 26 young (26624K), 4 survivors (4096K)
 Metaspace       used 99095K, committed 100032K, reserved 557056K
  class space    used 13565K, committed 14016K, reserved 425984K
}
Event: 39.652 GC heap after
{Heap after GC invocations=67 (full 0):
 garbage-first heap   total 223232K, used 170499K [0x0000000080000000, 0x0000000100000000)
  region size 1024K, 2 young (2048K), 2 survivors (2048K)
 Metaspace       used 99095K, committed 100032K, reserved 557056K
  class space    used 13565K, committed 14016K, reserved 425984K
}
Event: 39.891 GC heap before
{Heap before GC invocations=67 (full 0):
 garbage-first heap   total 223232K, used 193027K [0x0000000080000000, 0x0000000100000000)
  region size 1024K, 24 young (24576K), 2 survivors (2048K)
 Metaspace       used 99130K, committed 100096K, reserved 557056K
  class space    used 13565K, committed 14016K, reserved 425984K
}
Event: 39.894 GC heap after
{Heap after GC invocations=68 (full 0):
 garbage-first heap   total 223232K, used 171267K [0x0000000080000000, 0x0000000100000000)
  region size 1024K, 3 young (3072K), 3 survivors (3072K)
 Metaspace       used 99130K, committed 100096K, reserved 557056K
  class space    used 13565K, committed 14016K, reserved 425984K
}
Event: 40.321 GC heap before
{Heap before GC invocations=68 (full 0):
 garbage-first heap   total 223232K, used 196867K [0x0000000080000000, 0x0000000100000000)
  region size 1024K, 25 young (25600K), 3 survivors (3072K)
 Metaspace       used 99151K, committed 100160K, reserved 557056K
  class space    used 13565K, committed 14016K, reserved 425984K
}
Event: 40.324 GC heap after
{Heap after GC invocations=69 (full 0):
 garbage-first heap   total 223232K, used 174509K [0x0000000080000000, 0x0000000100000000)
  region size 1024K, 3 young (3072K), 3 survivors (3072K)
 Metaspace       used 99151K, committed 100160K, reserved 557056K
  class space    used 13565K, committed 14016K, reserved 425984K
}
Event: 40.624 GC heap before
{Heap before GC invocations=69 (full 0):
 garbage-first heap   total 223232K, used 192941K [0x0000000080000000, 0x0000000100000000)
  region size 1024K, 22 young (22528K), 3 survivors (3072K)
 Metaspace       used 99207K, committed 100160K, reserved 557056K
  class space    used 13571K, committed 14016K, reserved 425984K
}
Event: 40.627 GC heap after
{Heap after GC invocations=70 (full 0):
 garbage-first heap   total 223232K, used 174325K [0x0000000080000000, 0x0000000100000000)
  region size 1024K, 3 young (3072K), 3 survivors (3072K)
 Metaspace       used 99207K, committed 100160K, reserved 557056K
  class space    used 13571K, committed 14016K, reserved 425984K
}
Event: 40.799 GC heap before
{Heap before GC invocations=70 (full 0):
 garbage-first heap   total 223232K, used 196853K [0x0000000080000000, 0x0000000100000000)
  region size 1024K, 22 young (22528K), 3 survivors (3072K)
 Metaspace       used 99310K, committed 100224K, reserved 557056K
  class space    used 13580K, committed 14016K, reserved 425984K
}
Event: 40.805 GC heap after
{Heap after GC invocations=71 (full 0):
 garbage-first heap   total 223232K, used 175752K [0x0000000080000000, 0x0000000100000000)
  region size 1024K, 2 young (2048K), 2 survivors (2048K)
 Metaspace       used 99310K, committed 100224K, reserved 557056K
  class space    used 13580K, committed 14016K, reserved 425984K
}

